                              | 
                              | ;=================================================================
                              | ;=================================================================
                              | ;             ----------------------------------------            
                              | ;             RUN DATE 2013-12-17,     RUN TIME 23:55:42
                              | ;             ----------------------------------------            
                              | ;=================================================================
                              | 2013/12/17 23:55:42.488
: USER_ERR = [0xE0EE000B], [CHookAPIDX9::HookFunctions] 175 line.
                              | 2013/12/17 23:55:44.963
: USER_ERR = [0xE0EE000B], [CHookAPIDX9::HookFunctions] 175 line.
                              | 2013/12/17 23:55:44.963
: USER_ERR = [0xE0EE000B], [CHookAPIDX9::HookFunctions] 175 line.
                              | 2013/12/17 23:55:44.963
: USER_ERR = [0xE0EE000B], [CHookAPIDX9::HookFunctions] 175 line.
                              | 2013/12/17 23:55:51.661
: USER_ERR = [0xE0EE000B], [CHookAPIDX9::HookFunctions] 168 line.
                              | 2013/12/17 23:55:51.663
: USER_ERR = [0xE0EE000B], [CHookAPIDX9::HookFunctions] 168 line.
                              | 2013/12/17 23:55:51.664
: USER_ERR = [0xE0EE000B], [CHookAPIDX9::HookFunctions] 168 line.
                              | 2013/12/17 23:55:51.666
: USER_ERR = [0xE0EE000B], [CHookAPIDX9::HookFunctions] 168 line.
                              | 2013/12/17 23:55:51.677
: USER_ERR = [0xE0EE000B], [CHookAPIDX9::HookFunctions] 168 line.
                              | 2013/12/17 23:55:51.934
: USER_ERR = [0xE0EE000B], [CHookAPIDX9::HookFunctions] 168 line.
                              | 2013/12/17 23:55:52.472
: USER_ERR = [0xE0EE000B], [CHookAPIDX9::HookFunctions] 168 line.
                              | 2013/12/17 23:55:53.440
: USER_ERR = [0xE0EE000B], [CHookAPIDX9::HookFunctions] 168 line.
                              | 2013/12/17 23:55:54.388
: USER_ERR = [0xE0EE000B], [CHookAPIDX9::HookFunctions] 168 line.
                              | 2013/12/17 23:55:57.134
: USER_ERR = [0xE0EE000B], [CHookAPIDX9::HookFunctions] 168 line.
                              | 2013/12/17 23:55:58.465
: USER_ERR = [0xE0EE000B], [CHookAPIDX9::HookFunctions] 168 line.
                              | 2013/12/17 23:56:02.523
: USER_ERR = [0xE0EE000B], [CHookAPIDX9::HookFunctions] 168 line.
                              | 2013/12/17 23:56:03.300
: USER_ERR = [0xE0EE000B], [CHookAPIDX9::HookFunctions] 168 line.
                              | 2013/12/17 23:56:05.663
: USER_ERR = [0xE0EE000B], [CHookAPIDX9::HookFunctions] 168 line.
                              | 2013/12/17 23:56:05.687
: USER_ERR = [0xE0EE000B], [CHookAPIDX9::HookFunctions] 168 line.
                              | 2013/12/17 23:56:05.822
: USER_ERR = [0xE0EE000B], [CHookAPIDX9::HookFunctions] 168 line.
                              | 2013/12/17 23:56:05.900
: USER_ERR = [0xE0EE000B], [CHookAPIDX9::HookFunctions] 168 line.
                              | 2013/12/17 23:56:06.103
: USER_ERR = [0xE0EE000B], [CHookAPIDX9::HookFunctions] 168 line.
                              | ;=================================================================
                              | ;             ----------------------------------------            
                              | ;             EXIT DATE 2013-12-17,    EXIT TIME 23:56:6
                              | ;             ----------------------------------------            
                              | ;=================================================================
                              | ;=================================================================
                              | 
                              | 
                              | 
                              | 
                              | 
